1692433864567	geckodriver	INFO	Listening on 127.0.0.1:54447
1692433867611	mozrunner::runner	INFO	Running command: "C:\\Program Files\\Mozilla Firefox\\firefox.exe" "--marionette" "--remote-debugging-port" "54448" "--remote-allow-hosts" "localhost" "-no-remote" "-profile" "C:\\Users\\USER\\AppData\\Local\\Temp\\rust_mozprofileEFAHLQ"
console.warn: services.settings: Ignoring preference override of remote settings server
console.warn: services.settings: Allow by setting MOZ_REMOTE_SETTINGS_DEVTOOLS=1 in the environment
1692433867972	Marionette	INFO	Marionette enabled
Dynamically enable window occlusion 0
1692433868073	Marionette	INFO	Listening on port 54460
WebDriver BiDi listening on ws://127.0.0.1:54448
Read port: 54460
1692433868307	RemoteAgent	WARN	TLS certificate errors will be ignored for this session
DevTools listening on ws://127.0.0.1:54448/devtools/browser/eb88eb53-4c53-4a92-baca-053fcf9385a8
console.warn: LoginRecipes: "Falling back to a synchronous message for: https://172.31.254.24."
console.warn: LoginRecipes: "Falling back to a synchronous message for: https://172.31.254.24."
[Parent 21268, IPC I/O Parent] WARNING: DuplicateHandle failed for handle 0 in TransferHandles: file /builds/worker/checkouts/gecko/ipc/chromium/src/chrome/common/ipc_channel_win.cc:621
[GPU 9756, IPC I/O Child] WARNING: pipe error: 232: file /builds/worker/checkouts/gecko/ipc/chromium/src/chrome/common/ipc_channel_win.cc:443
console.warn: LoginRecipes: "Falling back to a synchronous message for: file://."
JavaScript warning: resource://pdf.js/web/viewer.js, line 6152: Script terminated by timeout at:
_pushOrReplaceState@resource://pdf.js/web/viewer.js:6152:22
_tryPushCurrentPosition@resource://pdf.js/web/viewer.js:6187:12
_pageHide@resource://pdf.js/web/viewer.js:6340:12

[Parent 21268, IPC I/O Parent] WARNING: DuplicateHandle failed for handle 0 in TransferHandles: file /builds/worker/checkouts/gecko/ipc/chromium/src/chrome/common/ipc_channel_win.cc:621
[GPU 9756, IPC I/O Child] WARNING: pipe error: 232: file /builds/worker/checkouts/gecko/ipc/chromium/src/chrome/common/ipc_channel_win.cc:443
console.warn: LoginRecipes: "Falling back to a synchronous message for: file://."
console.warn: LoginRecipes: "Falling back to a synchronous message for: file://."
console.warn: LoginRecipes: "Falling back to a synchronous message for: file://."
JavaScript warning: resource://pdf.js/web/viewer.js, line 6245: Script terminated by timeout at:
_updateInternalState@resource://pdf.js/web/viewer.js:6245:3
_pushOrReplaceState@resource://pdf.js/web/viewer.js:6159:10
_tryPushCurrentPosition@resource://pdf.js/web/viewer.js:6187:12
_pageHide@resource://pdf.js/web/viewer.js:6340:12

[Parent 21268, IPC I/O Parent] WARNING: DuplicateHandle failed for handle 0 in TransferHandles: file /builds/worker/checkouts/gecko/ipc/chromium/src/chrome/common/ipc_channel_win.cc:621
[GPU 9756, IPC I/O Child] WARNING: pipe error: 232: file /builds/worker/checkouts/gecko/ipc/chromium/src/chrome/common/ipc_channel_win.cc:443
console.warn: LoginRecipes: "Falling back to a synchronous message for: file://."
console.warn: LoginRecipes: "Falling back to a synchronous message for: file://."
console.warn: LoginRecipes: "Falling back to a synchronous message for: file://."
console.warn: LoginRecipes: "Falling back to a synchronous message for: file://."
JavaScript warning: resource://pdf.js/web/viewer.js, line 6245: Script terminated by timeout at:
_updateInternalState@resource://pdf.js/web/viewer.js:6245:3
_pushOrReplaceState@resource://pdf.js/web/viewer.js:6159:10
_tryPushCurrentPosition@resource://pdf.js/web/viewer.js:6187:12
_pageHide@resource://pdf.js/web/viewer.js:6340:12

[Parent 21268, IPC I/O Parent] WARNING: DuplicateHandle failed for handle 0 in TransferHandles: file /builds/worker/checkouts/gecko/ipc/chromium/src/chrome/common/ipc_channel_win.cc:621
[GPU 9756, IPC I/O Child] WARNING: pipe error: 232: file /builds/worker/checkouts/gecko/ipc/chromium/src/chrome/common/ipc_channel_win.cc:443
console.warn: LoginRecipes: "Falling back to a synchronous message for: file://."
JavaScript warning: resource://pdf.js/web/viewer.js, line 6245: Script terminated by timeout at:
_updateInternalState@resource://pdf.js/web/viewer.js:6245:3
_pushOrReplaceState@resource://pdf.js/web/viewer.js:6159:10
_tryPushCurrentPosition@resource://pdf.js/web/viewer.js:6187:12
_pageHide@resource://pdf.js/web/viewer.js:6340:12

[Parent 21268, IPC I/O Parent] WARNING: DuplicateHandle failed for handle 0 in TransferHandles: file /builds/worker/checkouts/gecko/ipc/chromium/src/chrome/common/ipc_channel_win.cc:621
[GPU 9756, IPC I/O Child] WARNING: pipe error: 232: file /builds/worker/checkouts/gecko/ipc/chromium/src/chrome/common/ipc_channel_win.cc:443
console.warn: LoginRecipes: "Falling back to a synchronous message for: file://."
console.warn: LoginRecipes: "Falling back to a synchronous message for: file://."
console.warn: LoginRecipes: "Falling back to a synchronous message for: file://."
console.warn: LoginRecipes: "Falling back to a synchronous message for: file://."
JavaScript error: , line 0: NotFoundError: No such JSWindowActor 'DevToolsFrame'
[Parent 21268, IPC I/O Parent] WARNING: DuplicateHandle failed for handle 0 in TransferHandles: file /builds/worker/checkouts/gecko/ipc/chromium/src/chrome/common/ipc_channel_win.cc:621
[GPU 9756, IPC I/O Child] WARNING: pipe error: 232: file /builds/worker/checkouts/gecko/ipc/chromium/src/chrome/common/ipc_channel_win.cc:443
JavaScript warning: resource://pdf.js/web/viewer.js, line 6245: Script terminated by timeout at:
_updateInternalState@resource://pdf.js/web/viewer.js:6245:3
_pushOrReplaceState@resource://pdf.js/web/viewer.js:6159:10
_tryPushCurrentPosition@resource://pdf.js/web/viewer.js:6187:12
_pageHide@resource://pdf.js/web/viewer.js:6340:12

1692437263470	Marionette	INFO	Stopped listening on port 54460
Dynamically enable window occlusion 1
[Parent 21268, IPC I/O Parent] WARNING: DuplicateHandle failed for handle 0 in TransferHandles: file /builds/worker/checkouts/gecko/ipc/chromium/src/chrome/common/ipc_channel_win.cc:621
[GPU 9756, IPC I/O Child] WARNING: pipe error: 232: file /builds/worker/checkouts/gecko/ipc/chromium/src/chrome/common/ipc_channel_win.cc:443
[Parent 21268, IPC I/O Parent] WARNING: DuplicateHandle failed for handle 0 in TransferHandles: file /builds/worker/checkouts/gecko/ipc/chromium/src/chrome/common/ipc_channel_win.cc:621
[GPU 9756, IPC I/O Child] WARNING: pipe error: 232: file /builds/worker/checkouts/gecko/ipc/chromium/src/chrome/common/ipc_channel_win.cc:443
[Parent 21268, IPC I/O Parent] WARNING: DuplicateHandle failed for handle 0 in TransferHandles: file /builds/worker/checkouts/gecko/ipc/chromium/src/chrome/common/ipc_channel_win.cc:621
[GPU 9756, IPC I/O Child] WARNING: pipe error: 232: file /builds/worker/checkouts/gecko/ipc/chromium/src/chrome/common/ipc_channel_win.cc:443
[Parent 21268, IPC I/O Parent] WARNING: DuplicateHandle failed for handle 0 in TransferHandles: file /builds/worker/checkouts/gecko/ipc/chromium/src/chrome/common/ipc_channel_win.cc:621
[GPU 9756, IPC I/O Child] WARNING: pipe error: 232: file /builds/worker/checkouts/gecko/ipc/chromium/src/chrome/common/ipc_channel_win.cc:443
[Parent 21268, IPC I/O Parent] WARNING: DuplicateHandle failed for handle 0 in TransferHandles: file /builds/worker/checkouts/gecko/ipc/chromium/src/chrome/common/ipc_channel_win.cc:621
[GPU 9756, IPC I/O Child] WARNING: pipe error: 232: file /builds/worker/checkouts/gecko/ipc/chromium/src/chrome/common/ipc_channel_win.cc:443
[Parent 21268, IPC I/O Parent] WARNING: DuplicateHandle failed for handle 0 in TransferHandles: file /builds/worker/checkouts/gecko/ipc/chromium/src/chrome/common/ipc_channel_win.cc:621
[GPU 9756, IPC I/O Child] WARNING: pipe error: 232: file /builds/worker/checkouts/gecko/ipc/chromium/src/chrome/common/ipc_channel_win.cc:443
1692437277631	geckodriver	INFO	Listening on 127.0.0.1:54853
1692437280666	mozrunner::runner	INFO	Running command: "C:\\Program Files\\Mozilla Firefox\\firefox.exe" "--marionette" "--remote-debugging-port" "54854" "--remote-allow-hosts" "localhost" "-no-remote" "-profile" "C:\\Users\\USER\\AppData\\Local\\Temp\\rust_mozprofile52fkUV"
console.warn: services.settings: Ignoring preference override of remote settings server
console.warn: services.settings: Allow by setting MOZ_REMOTE_SETTINGS_DEVTOOLS=1 in the environment
1692437281002	Marionette	INFO	Marionette enabled
Dynamically enable window occlusion 0
1692437281093	Marionette	INFO	Listening on port 54862
WebDriver BiDi listening on ws://127.0.0.1:54854
Read port: 54862
1692437281279	RemoteAgent	WARN	TLS certificate errors will be ignored for this session
DevTools listening on ws://127.0.0.1:54854/devtools/browser/20ed8584-cfd0-4c53-b24a-0984d6e9079d
console.warn: LoginRecipes: "Falling back to a synchronous message for: https://172.31.254.24."
console.warn: LoginRecipes: "Falling back to a synchronous message for: https://172.31.254.24."
[Parent 16372, IPC I/O Parent] WARNING: DuplicateHandle failed for handle 0 in TransferHandles: file /builds/worker/checkouts/gecko/ipc/chromium/src/chrome/common/ipc_channel_win.cc:621
[GPU 23984, IPC I/O Child] WARNING: pipe error: 232: file /builds/worker/checkouts/gecko/ipc/chromium/src/chrome/common/ipc_channel_win.cc:443
1692447121037	Marionette	INFO	Stopped listening on port 54862
Dynamically enable window occlusion 1
[Parent 16372, IPC I/O Parent] WARNING: DuplicateHandle failed for handle 0 in TransferHandles: file /builds/worker/checkouts/gecko/ipc/chromium/src/chrome/common/ipc_channel_win.cc:621
[GPU 23984, IPC I/O Child] WARNING: pipe error: 232: file /builds/worker/checkouts/gecko/ipc/chromium/src/chrome/common/ipc_channel_win.cc:443
[Parent 16372, IPC I/O Parent] WARNING: DuplicateHandle failed for handle 0 in TransferHandles: file /builds/worker/checkouts/gecko/ipc/chromium/src/chrome/common/ipc_channel_win.cc:621
[GPU 23984, IPC I/O Child] WARNING: pipe error: 232: file /builds/worker/checkouts/gecko/ipc/chromium/src/chrome/common/ipc_channel_win.cc:443
[Parent 16372, IPC I/O Parent] WARNING: DuplicateHandle failed for handle 0 in TransferHandles: file /builds/worker/checkouts/gecko/ipc/chromium/src/chrome/common/ipc_channel_win.cc:621
[GPU 23984, IPC I/O Child] WARNING: pipe error: 232: file /builds/worker/checkouts/gecko/ipc/chromium/src/chrome/common/ipc_channel_win.cc:443
s://172.31.254.24."
[Parent 24716, IPC I/O Parent] WARNING: DuplicateHandle failed for handle 0 in TransferHandles: file /builds/worker/checkouts/gecko/ipc/chromium/src/chrome/common/ipc_channel_win.cc:621
[GPU 29300, IPC I/O Child] WARNING: pipe error: 232: file /builds/worker/checkouts/gecko/ipc/chromium/src/chrome/common/ipc_channel_win.cc:443
console.warn: LoginRecipes: "Falling back to a synchronous message for: file://."
console.warn: LoginRecipes: "Falling back to a synchronous message for: file://."
console.warn: LoginRecipes: "Falling back to a synchronous message for: file://."
console.warn: LoginRecipes: "Falling back to a synchronous message for: file://."
[Parent 24716, IPC I/O Parent] WARNING: DuplicateHandle failed for handle 0 in TransferHandles: file /builds/worker/checkouts/gecko/ipc/chromium/src/chrome/common/ipc_channel_win.cc:621
[GPU 29300, IPC I/O Child] WARNING: pipe error: 232: file /builds/worker/checkouts/gecko/ipc/chromium/src/chrome/common/ipc_channel_win.cc:443
JavaScript warning: resource://pdf.js/web/viewer.js, line 6245: Script terminated by timeout at:
_updateInternalState@resource://pdf.js/web/viewer.js:6245:3
_pushOrReplaceState@resource://pdf.js/web/viewer.js:6159:10
_tryPushCurrentPosition@resource://pdf.js/web/viewer.js:6187:12
_pageHide@resource://pdf.js/web/viewer.js:6340:12

[Parent 24716, IPC I/O Parent] WARNING: DuplicateHandle failed for handle 0 in TransferHandles: file /builds/worker/checkouts/gecko/ipc/chromium/src/chrome/common/ipc_channel_win.cc:621
[GPU 29300, IPC I/O Child] WARNING: pipe error: 232: file /builds/worker/checkouts/gecko/ipc/chromium/src/chrome/common/ipc_channel_win.cc:443
1692440461198	Marionette	INFO	Stopped listening on port 55148
Dynamically enable window occlusion 1
[Parent 24716, IPC I/O Parent] WARNING: DuplicateHandle failed for handle 0 in TransferHandles: file /builds/worker/checkouts/gecko/ipc/chromium/src/chrome/common/ipc_channel_win.cc:621
[GPU 29300, IPC I/O Child] WARNING: pipe error: 232: file /builds/worker/checkouts/gecko/ipc/chromium/src/chrome/common/ipc_channel_win.cc:443
[Parent 24716, IPC I/O Parent] WARNING: DuplicateHandle failed for handle 0 in TransferHandles: file /builds/worker/checkouts/gecko/ipc/chromium/src/chrome/common/ipc_channel_win.cc:621
[GPU 29300, IPC I/O Child] WARNING: pipe error: 232: file /builds/worker/checkouts/gecko/ipc/chromium/src/chrome/common/ipc_channel_win.cc:443
[Parent 24716, IPC I/O Parent] WARNING: DuplicateHandle failed for handle 0 in TransferHandles: file /builds/worker/checkouts/gecko/ipc/chromium/src/chrome/common/ipc_channel_win.cc:621
[GPU 29300, IPC I/O Child] WARNING: pipe error: 232: file /builds/worker/checkouts/gecko/ipc/chromium/src/chrome/common/ipc_channel_win.cc:443
[Parent 24716, IPC I/O Parent] WARNING: DuplicateHandle failed for handle 0 in TransferHandles: file /builds/worker/checkouts/gecko/ipc/chromium/src/chrome/common/ipc_channel_win.cc:621
[GPU 29300, IPC I/O Child] WARNING: pipe error: 232: file /builds/worker/checkouts/gecko/ipc/chromium/src/chrome/common/ipc_channel_win.cc:443
1692440467112	geckodriver	INFO	Listening on 127.0.0.1:55223
1692440470169	mozrunner::runner	INFO	Running command: "C:\\Program Files\\Mozilla Firefox\\firefox.exe" "--marionette" "--remote-debugging-port" "55224" "--remote-allow-hosts" "localhost" "-no-remote" "-profile" "C:\\Users\\USER\\AppData\\Local\\Temp\\rust_mozprofile7MHh6W"
console.warn: services.settings: Ignoring preference override of remote settings server
console.warn: services.settings: Allow by setting MOZ_REMOTE_SETTINGS_DEVTOOLS=1 in the environment
1692440470568	Marionette	INFO	Marionette enabled
Dynamically enable window occlusion 0
1692440470688	Marionette	INFO	Listening on port 55232
WebDriver BiDi listening on ws://127.0.0.1:55224
Read port: 55232
1692440470941	RemoteAgent	WARN	TLS certificate errors will be ignored for this session
DevTools listening on ws://127.0.0.1:55224/devtools/browser/fc4c7c4c-c2ad-4fb3-8b5f-5e24513f6e5f
console.warn: LoginRecipes: "Falling back to a synchronous message for: https://172.31.254.24."
console.warn: LoginRecipes: "Falling back to a synchronous message for: https://172.31.254.24."
[Parent 24312, IPC I/O Parent] WARNING: DuplicateHandle failed for handle 0 in TransferHandles: file /builds/worker/checkouts/gecko/ipc/chromium/src/chrome/common/ipc_channel_win.cc:621
[GPU 28328, IPC I/O Child] WARNING: pipe error: 232: file /builds/worker/checkouts/gecko/ipc/chromium/src/chrome/common/ipc_channel_win.cc:443
1692440521411	Marionette	INFO	Stopped listening on port 55232
JavaScript warning: https://172.31.254.24/gndar/www/jelix/design/js/jquery.mask.js, line 600: Script terminated by timeout at:
@https://172.31.254.24/gndar/www/jelix/design/js/jquery.mask.js:600:13

Dynamically enable window occlusion 1
[Parent 24312, IPC I/O Parent] WARNING: DuplicateHandle failed for handle 0 in TransferHandles: file /builds/worker/checkouts/gecko/ipc/chromium/src/chrome/common/ipc_channel_win.cc:621
[GPU 28328, IPC I/O Child] WARNING: pipe error: 232: file /builds/worker/checkouts/gecko/ipc/chromium/src/chrome/common/ipc_channel_win.cc:443
[Parent 24312, IPC I/O Parent] WARNING: DuplicateHandle failed for handle 0 in TransferHandles: file /builds/worker/checkouts/gecko/ipc/chromium/src/chrome/common/ipc_channel_win.cc:621
[GPU 28328, IPC I/O Child] WARNING: pipe error: 232: file /builds/worker/checkouts/gecko/ipc/chromium/src/chrome/common/ipc_channel_win.cc:443
[Parent 24312, IPC I/O Parent] WARNING: DuplicateHandle failed for handle 0 in TransferHandles: file /builds/worker/checkouts/gecko/ipc/chromium/src/chrome/common/ipc_channel_win.cc:621
[GPU 28328, IPC I/O Child] WARNING: pipe error: 232: file /builds/worker/checkouts/gecko/ipc/chromium/src/chrome/common/ipc_channel_win.cc:443
[Parent 24312, IPC I/O Parent] WARNING: DuplicateHandle failed for handle 0 in TransferHandles: file /builds/worker/checkouts/gecko/ipc/chromium/src/chrome/common/ipc_channel_win.cc:621
[GPU 28328, IPC I/O Child] WARNING: pipe error: 232: file /builds/worker/checkouts/gecko/ipc/chromium/src/chrome/common/ipc_channel_win.cc:443
[Parent 24312, IPC I/O Parent] WARNING: DuplicateHandle failed for handle 0 in TransferHandles: file /builds/worker/checkouts/gecko/ipc/chromium/src/chrome/common/ipc_channel_win.cc:621
[GPU 28328, IPC I/O Child] WARNING: pipe error: 232: file /builds/worker/checkouts/gecko/ipc/chromium/src/chrome/common/ipc_channel_win.cc:443
1692440528259	geckodriver	INFO	Listening on 127.0.0.1:55281
1692440531332	mozrunner::runner	INFO	Running command: "C:\\Program Files\\Mozilla Firefox\\firefox.exe" "--marionette" "--remote-debugging-port" "55282" "--remote-allow-hosts" "localhost" "-no-remote" "-profile" "C:\\Users\\USER\\AppData\\Local\\Temp\\rust_mozprofileyr22T7"
console.warn: services.settings: Ignoring preference override of remote settings server
console.warn: services.settings: Allow by setting MOZ_REMOTE_SETTINGS_DEVTOOLS=1 in the environment
1692440531646	Marionette	INFO	Marionette enabled
Dynamically enable window occlusion 0
1692440531735	Marionette	INFO	Listening on port 55290
WebDriver BiDi listening on ws://127.0.0.1:55282
Read port: 55290
1692440531924	RemoteAgent	WARN	TLS certificate errors will be ignored for this session
DevTools listening on ws://127.0.0.1:55282/devtools/browser/c58a5a29-9419-451f-8c3c-3a2dfbaf3bec
console.warn: LoginRecipes: "Falling back to a synchronous message for: https://172.31.254.24."
console.warn: LoginRecipes: "Falling back to a synchronous message for: https://172.31.254.24."
[Parent 22756, IPC I/O Parent] WARNING: DuplicateHandle failed for handle 0 in TransferHandles: file /builds/worker/checkouts/gecko/ipc/chromium/src/chrome/common/ipc_channel_win.cc:621
[GPU 22376, IPC I/O Child] WARNING: pipe error: 232: file /builds/worker/checkouts/gecko/ipc/chromium/src/chrome/common/ipc_channel_win.cc:443
1692447127315	Marionette	INFO	Stopped listening on port 55290
Dynamically enable window occlusion 1
[Parent 22756, IPC I/O Parent] WARNING: DuplicateHandle failed for handle 0 in TransferHandles: file /builds/worker/checkouts/gecko/ipc/chromium/src/chrome/common/ipc_channel_win.cc:621
[GPU 22376, IPC I/O Child] WARNING: pipe error: 232: file /builds/worker/checkouts/gecko/ipc/chromium/src/chrome/common/ipc_channel_win.cc:443
[Parent 22756, IPC I/O Parent] WARNING: DuplicateHandle failed for handle 0 in TransferHandles: file /builds/worker/checkouts/gecko/ipc/chromium/src/chrome/common/ipc_channel_win.cc:621
[GPU 22376, IPC I/O Child] WARNING: pipe error: 232: file /builds/worker/checkouts/gecko/ipc/chromium/src/chrome/common/ipc_channel_win.cc:443
[Parent 22756, IPC I/O Parent] WARNING: DuplicateHandle failed for handle 0 in TransferHandles: file /builds/worker/checkouts/gecko/ipc/chromium/src/chrome/common/ipc_channel_win.cc:621
[GPU 22376, IPC I/O Child] WARNING: pipe error: 232: file /builds/worker/checkouts/gecko/ipc/chromium/src/chrome/common/ipc_channel_win.cc:443
[Parent 22756, IPC I/O Parent] WARNING: DuplicateHandle failed for handle 0 in TransferHandles: file /builds/worker/checkouts/gecko/ipc/chromium/src/chrome/common/ipc_channel_win.cc:621
[GPU 22376, IPC I/O Child] WARNING: pipe error: 232: file /builds/worker/checkouts/gecko/ipc/chromium/src/chrome/common/ipc_channel_win.cc:443
channel_win.cc:443
1692440722319	Marionette	INFO	Stopped listening on port 55349
JavaScript warning: https://172.31.254.24/gndar/www/jelix/design/js/jquery.mask.js, line 600: Script terminated by timeout at:
@https://172.31.254.24/gndar/www/jelix/design/js/jquery.mask.js:600:13

Dynamically enable window occlusion 1
[Parent 5472, IPC I/O Parent] WARNING: DuplicateHandle failed for handle 0 in TransferHandles: file /builds/worker/checkouts/gecko/ipc/chromium/src/chrome/common/ipc_channel_win.cc:621
[GPU 29112, IPC I/O Child] WARNING: pipe error: 232: file /builds/worker/checkouts/gecko/ipc/chromium/src/chrome/common/ipc_channel_win.cc:443
[Parent 5472, IPC I/O Parent] WARNING: DuplicateHandle failed for handle 0 in TransferHandles: file /builds/worker/checkouts/gecko/ipc/chromium/src/chrome/common/ipc_channel_win.cc:621
[GPU 29112, IPC I/O Child] WARNING: pipe error: 232: file /builds/worker/checkouts/gecko/ipc/chromium/src/chrome/common/ipc_channel_win.cc:443
[Parent 5472, IPC I/O Parent] WARNING: DuplicateHandle failed for handle 0 in TransferHandles: file /builds/worker/checkouts/gecko/ipc/chromium/src/chrome/common/ipc_channel_win.cc:621
[GPU 29112, IPC I/O Child] WARNING: pipe error: 232: file /builds/worker/checkouts/gecko/ipc/chromium/src/chrome/common/ipc_channel_win.cc:443
[Parent 5472, IPC I/O Parent] WARNING: DuplicateHandle failed for handle 0 in TransferHandles: file /builds/worker/checkouts/gecko/ipc/chromium/src/chrome/common/ipc_channel_win.cc:621
[GPU 29112, IPC I/O Child] WARNING: pipe error: 232: file /builds/worker/checkouts/gecko/ipc/chromium/src/chrome/common/ipc_channel_win.cc:443
[Parent 5472, IPC I/O Parent] WARNING: DuplicateHandle failed for handle 0 in TransferHandles: file /builds/worker/checkouts/gecko/ipc/chromium/src/chrome/common/ipc_channel_win.cc:621
[GPU 29112, IPC I/O Child] WARNING: pipe error: 232: file /builds/worker/checkouts/gecko/ipc/chromium/src/chrome/common/ipc_channel_win.cc:443
1692440729346	geckodriver	INFO	Listening on 127.0.0.1:55401
1692440732396	mozrunner::runner	INFO	Running command: "C:\\Program Files\\Mozilla Firefox\\firefox.exe" "--marionette" "--remote-debugging-port" "55402" "--remote-allow-hosts" "localhost" "-no-remote" "-profile" "C:\\Users\\USER\\AppData\\Local\\Temp\\rust_mozprofileed2mim"
console.warn: services.settings: Ignoring preference override of remote settings server
console.warn: services.settings: Allow by setting MOZ_REMOTE_SETTINGS_DEVTOOLS=1 in the environment
1692440732759	Marionette	INFO	Marionette enabled
Dynamically enable window occlusion 0
1692440732823	Marionette	INFO	Listening on port 55411
WebDriver BiDi listening on ws://127.0.0.1:55402
Read port: 55411
1692440732924	RemoteAgent	WARN	TLS certificate errors will be ignored for this session
DevTools listening on ws://127.0.0.1:55402/devtools/browser/d4709764-40ec-47f3-941c-4198ddb50b9e
console.warn: LoginRecipes: "Falling back to a synchronous message for: https://172.31.254.24."
console.warn: LoginRecipes: "Falling back to a synchronous message for: https://172.31.254.24."
console.warn: LoginRecipes: "Falling back to a synchronous message for: file://."
console.warn: LoginRecipes: "Falling back to a synchronous message for: file://."
console.warn: LoginRecipes: "Falling back to a synchronous message for: file://."
console.warn: LoginRecipes: "Falling back to a synchronous message for: file://."
1692447133730	Marionette	INFO	Stopped listening on port 55411
Dynamically enable window occlusion 1
1692447144688	geckodriver	INFO	Listening on 127.0.0.1:55879
1692447147734	mozrunner::runner	INFO	Running command: "C:\\Program Files\\Mozilla Firefox\\firefox.exe" "--marionette" "--remote-debugging-port" "55880" "--remote-allow-hosts" "localhost" "-no-remote" "-profile" "C:\\Users\\USER\\AppData\\Local\\Temp\\rust_mozprofileCjZQ1w"
console.warn: services.settings: Ignoring preference override of remote settings server
console.warn: services.settings: Allow by setting MOZ_REMOTE_SETTINGS_DEVTOOLS=1 in the environment
1692447148053	Marionette	INFO	Marionette enabled
Dynamically enable window occlusion 0
1692447148143	Marionette	INFO	Listening on port 55891
WebDriver BiDi listening on ws://127.0.0.1:55880
Read port: 55891
1692447148327	RemoteAgent	WARN	TLS certificate errors will be ignored for this session
DevTools listening on ws://127.0.0.1:55880/devtools/browser/41098b19-7b04-46e3-b2a0-74f8bbca1b34
console.warn: LoginRecipes: "Falling back to a synchronous message for: https://172.31.254.24."
console.warn: LoginRecipes: "Falling back to a synchronous message for: https://172.31.254.24."
[Parent 29016, IPC I/O Parent] WARNING: DuplicateHandle failed for handle 0 in TransferHandles: file /builds/worker/checkouts/gecko/ipc/chromium/src/chrome/common/ipc_channel_win.cc:621
[GPU 5952, IPC I/O Child] WARNING: pipe error: 232: file /builds/worker/checkouts/gecko/ipc/chromium/src/chrome/common/ipc_channel_win.cc:443
1692447189459	Marionette	INFO	Stopped listening on port 55891
JavaScript warning: https://172.31.254.24/gndar/www/jelix/design/js/jquery.mask.js, line 600: Script terminated by timeout at:
@https://172.31.254.24/gndar/www/jelix/design/js/jquery.mask.js:600:13

Dynamically enable window occlusion 1
[Parent 29016, IPC I/O Parent] WARNING: DuplicateHandle failed for handle 0 in TransferHandles: file /builds/worker/checkouts/gecko/ipc/chromium/src/chrome/common/ipc_channel_win.cc:621
[GPU 5952, IPC I/O Child] WARNING: pipe error: 232: file /builds/worker/checkouts/gecko/ipc/chromium/src/chrome/common/ipc_channel_win.cc:443
[Parent 29016, IPC I/O Parent] WARNING: DuplicateHandle failed for handle 0 in TransferHandles: file /builds/worker/checkouts/gecko/ipc/chromium/src/chrome/common/ipc_channel_win.cc:621
[GPU 5952, IPC I/O Child] WARNING: pipe error: 232: file /builds/worker/checkouts/gecko/ipc/chromium/src/chrome/common/ipc_channel_win.cc:443
[Parent 29016, IPC I/O Parent] WARNING: DuplicateHandle failed for handle 0 in TransferHandles: file /builds/worker/checkouts/gecko/ipc/chromium/src/chrome/common/ipc_channel_win.cc:621
[GPU 5952, IPC I/O Child] WARNING: pipe error: 232: file /builds/worker/checkouts/gecko/ipc/chromium/src/chrome/common/ipc_channel_win.cc:443
1692447202120	geckodriver	INFO	Listening on 127.0.0.1:55936
1692447205160	mozrunner::runner	INFO	Running command: "C:\\Program Files\\Mozilla Firefox\\firefox.exe" "--marionette" "--remote-debugging-port" "55937" "--remote-allow-hosts" "localhost" "-no-remote" "-profile" "C:\\Users\\USER\\AppData\\Local\\Temp\\rust_mozprofilevojK13"
console.warn: services.settings: Ignoring preference override of remote settings server
console.warn: services.settings: Allow by setting MOZ_REMOTE_SETTINGS_DEVTOOLS=1 in the environment
1692447205471	Marionette	INFO	Marionette enabled
Dynamically enable window occlusion 0
1692447205558	Marionette	INFO	Listening on port 55946
WebDriver BiDi listening on ws://127.0.0.1:55937
Read port: 55946
1692447205740	RemoteAgent	WARN	TLS certificate errors will be ignored for this session
DevTools listening on ws://127.0.0.1:55937/devtools/browser/9d8f524f-a06f-4b5b-8122-b4052864850b
console.warn: LoginRecipes: "Falling back to a synchronous message for: https://172.31.254.24."
console.warn: LoginRecipes: "Falling back to a synchronous message for: https://172.31.254.24."
[Parent 13584, IPC I/O Parent] WARNING: DuplicateHandle failed for handle 0 in TransferHandles: file /builds/worker/checkouts/gecko/ipc/chromium/src/chrome/common/ipc_channel_win.cc:621
[GPU 27584, IPC I/O Child] WARNING: pipe error: 232: file /builds/worker/checkouts/gecko/ipc/chromium/src/chrome/common/ipc_channel_win.cc:443
console.warn: LoginRecipes: "Falling back to a synchronous message for: file://."
console.warn: LoginRecipes: "Falling back to a synchronous message for: file://."
console.warn: LoginRecipes: "Falling back to a synchronous message for: file://."
console.warn: LoginRecipes: "Falling back to a synchronous message for: file://."
JavaScript warning: resource://pdf.js/web/viewer.js, line 6245: Script terminated by timeout at:
_updateInternalState@resource://pdf.js/web/viewer.js:6245:3
_pushOrReplaceState@resource://pdf.js/web/viewer.js:6159:10
_tryPushCurrentPosition@resource://pdf.js/web/viewer.js:6187:12
_pageHide@resource://pdf.js/web/viewer.js:6340:12

1692449185518	Marionette	INFO	Stopped listening on port 55946
Dynamically enable window occlusion 1
[Parent 13584, IPC I/O Parent] WARNING: DuplicateHandle failed for handle 0 in TransferHandles: file /builds/worker/checkouts/gecko/ipc/chromium/src/chrome/common/ipc_channel_win.cc:621
[GPU 27584, IPC I/O Child] WARNING: pipe error: 232: file /builds/worker/checkouts/gecko/ipc/chromium/src/chrome/common/ipc_channel_win.cc:443
[Parent 13584, IPC I/O Parent] WARNING: DuplicateHandle failed for handle 0 in TransferHandles: file /builds/worker/checkouts/gecko/ipc/chromium/src/chrome/common/ipc_channel_win.cc:621
[GPU 27584, IPC I/O Child] WARNING: pipe error: 232: file /builds/worker/checkouts/gecko/ipc/chromium/src/chrome/common/ipc_channel_win.cc:443
[Parent 13584, IPC I/O Parent] WARNING: DuplicateHandle failed for handle 0 in TransferHandles: file /builds/worker/checkouts/gecko/ipc/chromium/src/chrome/common/ipc_channel_win.cc:621
[GPU 27584, IPC I/O Child] WARNING: pipe error: 232: file /builds/worker/checkouts/gecko/ipc/chromium/src/chrome/common/ipc_channel_win.cc:443
[Parent 13584, IPC I/O Parent] WARNING: DuplicateHandle failed for handle 0 in TransferHandles: file /builds/worker/checkouts/gecko/ipc/chromium/src/chrome/common/ipc_channel_win.cc:621
[GPU 27584, IPC I/O Child] WARNING: pipe error: 232: file /builds/worker/checkouts/gecko/ipc/chromium/src/chrome/common/ipc_channel_win.cc:443
[Parent 13584, IPC I/O Parent] WARNING: DuplicateHandle failed for handle 0 in TransferHandles: file /builds/worker/checkouts/gecko/ipc/chromium/src/chrome/common/ipc_channel_win.cc:621
[GPU 27584, IPC I/O Child] WARNING: pipe error: 232: file /builds/worker/checkouts/gecko/ipc/chromium/src/chrome/common/ipc_channel_win.cc:443
[Parent 13584, IPC I/O Parent] WARNING: DuplicateHandle failed for handle 0 in TransferHandles: file /builds/worker/checkouts/gecko/ipc/chromium/src/chrome/common/ipc_channel_win.cc:621
[GPU 27584, IPC I/O Child] WARNING: pipe error: 232: file /builds/worker/checkouts/gecko/ipc/chromium/src/chrome/common/ipc_channel_win.cc:443
1692449193210	geckodriver	INFO	Listening on 127.0.0.1:56245
1692449196281	mozrunner::runner	INFO	Running command: "C:\\Program Files\\Mozilla Firefox\\firefox.exe" "--marionette" "--remote-debugging-port" "56246" "--remote-allow-hosts" "localhost" "-no-remote" "-profile" "C:\\Users\\USER\\AppData\\Local\\Temp\\rust_mozprofilehQFqJU"
console.warn: services.settings: Ignoring preference override of remote settings server
console.warn: services.settings: Allow by setting MOZ_REMOTE_SETTINGS_DEVTOOLS=1 in the environment
1692449196605	Marionette	INFO	Marionette enabled
Dynamically enable window occlusion 0
1692449196695	Marionette	INFO	Listening on port 56254
WebDriver BiDi listening on ws://127.0.0.1:56246
Read port: 56254
1692449196880	RemoteAgent	WARN	TLS certificate errors will be ignored for this session
DevTools listening on ws://127.0.0.1:56246/devtools/browser/7543ca76-cf14-46f1-a622-79dfea29148b
console.warn: LoginRecipes: "Falling back to a synchronous message for: https://172.31.254.24."
console.warn: LoginRecipes: "Falling back to a synchronous message for: https://172.31.254.24."
[Parent 28340, IPC I/O Parent] WARNING: DuplicateHandle failed for handle 0 in TransferHandles: file /builds/worker/checkouts/gecko/ipc/chromium/src/chrome/common/ipc_channel_win.cc:621
[GPU 15504, IPC I/O Child] WARNING: pipe error: 232: file /builds/worker/checkouts/gecko/ipc/chromium/src/chrome/common/ipc_channel_win.cc:443
console.warn: LoginRecipes: "Falling back to a synchronous message for: file://."
console.warn: LoginRecipes: "Falling back to a synchronous message for: file://."
console.warn: LoginRecipes: "Falling back to a synchronous message for: file://."
console.warn: LoginRecipes: "Falling back to a synchronous message for: file://."
[Parent 28340, IPC I/O Parent] WARNING: DuplicateHandle failed for handle 0 in TransferHandles: file /builds/worker/checkouts/gecko/ipc/chromium/src/chrome/common/ipc_channel_win.cc:621
[GPU 15504, IPC I/O Child] WARNING: pipe error: 232: file /builds/worker/checkouts/gecko/ipc/chromium/src/chrome/common/ipc_channel_win.cc:443
JavaScript warning: resource://pdf.js/web/viewer.js, line 6245: Script terminated by timeout at:
_updateInternalState@resource://pdf.js/web/viewer.js:6245:3
_pushOrReplaceState@resource://pdf.js/web/viewer.js:6159:10
_tryPushCurrentPosition@resource://pdf.js/web/viewer.js:6187:12
_pageHide@resource://pdf.js/web/viewer.js:6340:12

1692504063397	Marionette	INFO	Stopped listening on port 56254
Dynamically enable window occlusion 1
[Parent 28340, IPC I/O Parent] WARNING: DuplicateHandle failed for handle 0 in TransferHandles: file /builds/worker/checkouts/gecko/ipc/chromium/src/chrome/common/ipc_channel_win.cc:621
[GPU 15504, IPC I/O Child] WARNING: pipe error: 232: file /builds/worker/checkouts/gecko/ipc/chromium/src/chrome/common/ipc_channel_win.cc:443
[Parent 28340, IPC I/O Parent] WARNING: DuplicateHandle failed for handle 0 in TransferHandles: file /builds/worker/checkouts/gecko/ipc/chromium/src/chrome/common/ipc_channel_win.cc:621
[GPU 15504, IPC I/O Child] WARNING: pipe error: 232: file /builds/worker/checkouts/gecko/ipc/chromium/src/chrome/common/ipc_channel_win.cc:443
[Parent 28340, IPC I/O Parent] WARNING: DuplicateHandle failed for handle 0 in TransferHandles: file /builds/worker/checkouts/gecko/ipc/chromium/src/chrome/common/ipc_channel_win.cc:621
[GPU 15504, IPC I/O Child] WARNING: pipe error: 232: file /builds/worker/checkouts/gecko/ipc/chromium/src/chrome/common/ipc_channel_win.cc:443
[Parent 28340, IPC I/O Parent] WARNING: DuplicateHandle failed for handle 0 in TransferHandles: file /builds/worker/checkouts/gecko/ipc/chromium/src/chrome/common/ipc_channel_win.cc:621
[GPU 15504, IPC I/O Child] WARNING: pipe error: 232: file /builds/worker/checkouts/gecko/ipc/chromium/src/chrome/common/ipc_channel_win.cc:443
[Parent 28340, IPC I/O Parent] WARNING: DuplicateHandle failed for handle 0 in TransferHandles: file /builds/worker/checkouts/gecko/ipc/chromium/src/chrome/common/ipc_channel_win.cc:621
[GPU 15504, IPC I/O Child] WARNING: pipe error: 232: file /builds/worker/checkouts/gecko/ipc/chromium/src/chrome/common/ipc_channel_win.cc:443
el_win.cc:443
1692454367375	Marionette	INFO	Stopped listening on port 56431
Dynamically enable window occlusion 1
[Parent 16416, IPC I/O Parent] WARNING: DuplicateHandle failed for handle 0 in TransferHandles: file /builds/worker/checkouts/gecko/ipc/chromium/src/chrome/common/ipc_channel_win.cc:621
[GPU 27828, IPC I/O Child] WARNING: pipe error: 232: file /builds/worker/checkouts/gecko/ipc/chromium/src/chrome/common/ipc_channel_win.cc:443
[Parent 16416, IPC I/O Parent] WARNING: DuplicateHandle failed for handle 0 in TransferHandles: file /builds/worker/checkouts/gecko/ipc/chromium/src/chrome/common/ipc_channel_win.cc:621
[GPU 27828, IPC I/O Child] WARNING: pipe error: 232: file /builds/worker/checkouts/gecko/ipc/chromium/src/chrome/common/ipc_channel_win.cc:443
[Parent 16416, IPC I/O Parent] WARNING: DuplicateHandle failed for handle 0 in TransferHandles: file /builds/worker/checkouts/gecko/ipc/chromium/src/chrome/common/ipc_channel_win.cc:621
[Parent 16416, IPC I/O Parent] WARNING: DuplicateHandle failed for handle 0 in TransferHandles: file /builds/worker/checkouts/gecko/ipc/chromium/src/chrome/common/ipc_channel_win.cc:621
[GPU 27828, IPC I/O Child] WARNING: pipe error: 232: file /builds/worker/checkouts/gecko/ipc/chromium/src/chrome/common/ipc_channel_win.cc:443
[Parent 16416, IPC I/O Parent] WARNING: DuplicateHandle failed for handle 0 in TransferHandles: file /builds/worker/checkouts/gecko/ipc/chromium/src/chrome/common/ipc_channel_win.cc:621
[GPU 27828, IPC I/O Child] WARNING: pipe error: 232: file /builds/worker/checkouts/gecko/ipc/chromium/src/chrome/common/ipc_channel_win.cc:443
[GPU 27828, IPC I/O Child] WARNING: pipe error: 232: file /builds/worker/checkouts/gecko/ipc/chromium/src/chrome/common/ipc_channel_win.cc:443
sage for: file://."
console.warn: LoginRecipes: "Falling back to a synchronous message for: file://."
JavaScript warning: resource://pdf.js/web/viewer.js, line 6245: Script terminated by timeout at:
_updateInternalState@resource://pdf.js/web/viewer.js:6245:3
_pushOrReplaceState@resource://pdf.js/web/viewer.js:6159:10
_tryPushCurrentPosition@resource://pdf.js/web/viewer.js:6187:12
_pageHide@resource://pdf.js/web/viewer.js:6340:12

1692454356787	Marionette	INFO	Stopped listening on port 56773
Dynamically enable window occlusion 1
[Parent 6576, IPC I/O Parent] WARNING: DuplicateHandle failed for handle 0 in TransferHandles: file /builds/worker/checkouts/gecko/ipc/chromium/src/chrome/common/ipc_channel_win.cc:621
[GPU 27512, IPC I/O Child] WARNING: pipe error: 232: file /builds/worker/checkouts/gecko/ipc/chromium/src/chrome/common/ipc_channel_win.cc:443
[Parent 6576, IPC I/O Parent] WARNING: DuplicateHandle failed for handle 0 in TransferHandles: file /builds/worker/checkouts/gecko/ipc/chromium/src/chrome/common/ipc_channel_win.cc:621
[GPU 27512, IPC I/O Child] WARNING: pipe error: 232: file /builds/worker/checkouts/gecko/ipc/chromium/src/chrome/common/ipc_channel_win.cc:443
[Parent 6576, IPC I/O Parent] WARNING: DuplicateHandle failed for handle 0 in TransferHandles: file /builds/worker/checkouts/gecko/ipc/chromium/src/chrome/common/ipc_channel_win.cc:621
[GPU 27512, IPC I/O Child] WARNING: pipe error: 232: file /builds/worker/checkouts/gecko/ipc/chromium/src/chrome/common/ipc_channel_win.cc:443
[Parent 6576, IPC I/O Parent] WARNING: DuplicateHandle failed for handle 0 in TransferHandles: file /builds/worker/checkouts/gecko/ipc/chromium/src/chrome/common/ipc_channel_win.cc:621
[GPU 27512, IPC I/O Child] WARNING: pipe error: 232: file /builds/worker/checkouts/gecko/ipc/chromium/src/chrome/common/ipc_channel_win.cc:443
[Parent 6576, IPC I/O Parent] WARNING: DuplicateHandle failed for handle 0 in TransferHandles: file /builds/worker/checkouts/gecko/ipc/chromium/src/chrome/common/ipc_channel_win.cc:621
[GPU 27512, IPC I/O Child] WARNING: pipe error: 232: file /builds/worker/checkouts/gecko/ipc/chromium/src/chrome/common/ipc_channel_win.cc:443
[Parent 6576, IPC I/O Parent] WARNING: DuplicateHandle failed for handle 0 in TransferHandles: file /builds/worker/checkouts/gecko/ipc/chromium/src/chrome/common/ipc_channel_win.cc:621
[GPU 27512, IPC I/O Child] WARNING: pipe error: 232: file /builds/worker/checkouts/gecko/ipc/chromium/src/chrome/common/ipc_channel_win.cc:443
1692454755950	geckodriver	INFO	Listening on 127.0.0.1:56933
1692454759011	mozrunner::runner	INFO	Running command: "C:\\Program Files\\Mozilla Firefox\\firefox.exe" "--marionette" "--remote-debugging-port" "56934" "--remote-allow-hosts" "localhost" "-no-remote" "-profile" "C:\\Users\\USER\\AppData\\Local\\Temp\\rust_mozprofile6Xk5aX"
console.warn: services.settings: Ignoring preference override of remote settings server
console.warn: services.settings: Allow by setting MOZ_REMOTE_SETTINGS_DEVTOOLS=1 in the environment
1692454759367	Marionette	INFO	Marionette enabled
Dynamically enable window occlusion 0
1692454759431	Marionette	INFO	Listening on port 56942
WebDriver BiDi listening on ws://127.0.0.1:56934
Read port: 56942
1692454759538	RemoteAgent	WARN	TLS certificate errors will be ignored for this session
[GFX1-]: RenderCompositorSWGL failed mapping default framebuffer, no dt
DevTools listening on ws://127.0.0.1:56934/devtools/browser/ae32f02f-b0fd-43c8-8ad9-9f44b602908b
console.warn: LoginRecipes: "Falling back to a synchronous message for: https://172.31.254.24."
console.warn: LoginRecipes: "Falling back to a synchronous message for: https://172.31.254.24."
console.warn: LoginRecipes: "Falling back to a synchronous message for: file://."
console.warn: LoginRecipes: "Falling back to a synchronous message for: file://."
console.warn: LoginRecipes: "Falling back to a synchronous message for: file://."
console.warn: LoginRecipes: "Falling back to a synchronous message for: file://."
JavaScript warning: resource://pdf.js/web/viewer.js, line 6245: Script terminated by timeout at:
_updateInternalState@resource://pdf.js/web/viewer.js:6245:3
_pushOrReplaceState@resource://pdf.js/web/viewer.js:6159:10
_tryPushCurrentPosition@resource://pdf.js/web/viewer.js:6187:12
_pageHide@resource://pdf.js/web/viewer.js:6340:12

1692504068956	Marionette	INFO	Stopped listening on port 56942
Dynamically enable window occlusion 1
rvices.settings: Allow by setting MOZ_REMOTE_SETTINGS_DEVTOOLS=1 in the environment
1692456769394	Marionette	INFO	Marionette enabled
Dynamically enable window occlusion 0
1692456769488	Marionette	INFO	Listening on port 57166
WebDriver BiDi listening on ws://127.0.0.1:57158
Read port: 57166
1692456769678	RemoteAgent	WARN	TLS certificate errors will be ignored for this session
DevTools listening on ws://127.0.0.1:57158/devtools/browser/e22a06b6-ea01-4a7f-972e-85147529ad83
console.warn: LoginRecipes: "Falling back to a synchronous message for: https://172.31.254.24."
console.warn: LoginRecipes: "Falling back to a synchronous message for: https://172.31.254.24."
[Parent 26524, IPC I/O Parent] WARNING: DuplicateHandle failed for handle 0 in TransferHandles: file /builds/worker/checkouts/gecko/ipc/chromium/src/chrome/common/ipc_channel_win.cc:621
[GPU 17140, IPC I/O Child] WARNING: pipe error: 232: file /builds/worker/checkouts/gecko/ipc/chromium/src/chrome/common/ipc_channel_win.cc:443
console.warn: LoginRecipes: "Falling back to a synchronous message for: file://."
console.warn: LoginRecipes: "Falling back to a synchronous message for: file://."
console.warn: LoginRecipes: "Falling back to a synchronous message for: file://."
console.warn: LoginRecipes: "Falling back to a synchronous message for: file://."
JavaScript warning: resource://pdf.js/web/viewer.js, line 6245: Script terminated by timeout at:
_updateInternalState@resource://pdf.js/web/viewer.js:6245:3
_pushOrReplaceState@resource://pdf.js/web/viewer.js:6159:10
_tryPushCurrentPosition@resource://pdf.js/web/viewer.js:6187:12
_pageHide@resource://pdf.js/web/viewer.js:6340:12

1692504067379	Marionette	INFO	Stopped listening on port 57166
Dynamically enable window occlusion 1
[Parent 26524, IPC I/O Parent] WARNING: DuplicateHandle failed for handle 0 in TransferHandles: file /builds/worker/checkouts/gecko/ipc/chromium/src/chrome/common/ipc_channel_win.cc:621
[GPU 17140, IPC I/O Child] WARNING: pipe error: 232: file /builds/worker/checkouts/gecko/ipc/chromium/src/chrome/common/ipc_channel_win.cc:443
[Parent 26524, IPC I/O Parent] WARNING: DuplicateHandle failed for handle 0 in TransferHandles: file /builds/worker/checkouts/gecko/ipc/chromium/src/chrome/common/ipc_channel_win.cc:621
[GPU 17140, IPC I/O Child] WARNING: pipe error: 232: file /builds/worker/checkouts/gecko/ipc/chromium/src/chrome/common/ipc_channel_win.cc:443
[Parent 26524, IPC I/O Parent] WARNING: DuplicateHandle failed for handle 0 in TransferHandles: file /builds/worker/checkouts/gecko/ipc/chromium/src/chrome/common/ipc_channel_win.cc:621
[GPU 17140, IPC I/O Child] WARNING: pipe error: 232: file /builds/worker/checkouts/gecko/ipc/chromium/src/chrome/common/ipc_channel_win.cc:443
[Parent 26524, IPC I/O Parent] WARNING: DuplicateHandle failed for handle 0 in TransferHandles: file /builds/worker/checkouts/gecko/ipc/chromium/src/chrome/common/ipc_channel_win.cc:621
[GPU 17140, IPC I/O Child] WARNING: pipe error: 232: file /builds/worker/checkouts/gecko/ipc/chromium/src/chrome/common/ipc_channel_win.cc:443
[Parent 26524, IPC I/O Parent] WARNING: DuplicateHandle failed for handle 0 in TransferHandles: file /builds/worker/checkouts/gecko/ipc/chromium/src/chrome/common/ipc_channel_win.cc:621
[GPU 17140, IPC I/O Child] WARNING: pipe error: 232: file /builds/worker/checkouts/gecko/ipc/chromium/src/chrome/common/ipc_channel_win.cc:443
